Using pre-set license
Built from '2021.3/china_unity/release' branch; Version is '2021.3.21f1c1 (08fa194de70f) revision 588313'; Using compiler version '192829333'; Build Type 'Release'
OS: 'Windows 11  (10.0.22621) 64bit CoreCountrySpecific' Language: 'zh' Physical Memory: 15557 MB
BatchMode: 1, IsHumanControllingUs: 0, StartBugReporterOnCrash: 0, Is64bit: 1, IsPro: 1

COMMAND LINE ARGUMENTS:
D:\ProgramFilesD\UnityHub\Unity Editor\2021.3.21f1c1\Editor\Unity.exe
-adb2
-batchMode
-noUpm
-name
AssetImportWorker0
-projectPath
D:/__ARCHIEVE__/KTH/Coffee/coffee
-logFile
Logs/AssetImportWorker0.log
-srvPort
63686
Successfully changed project path to: D:/__ARCHIEVE__/KTH/Coffee/coffee
D:/__ARCHIEVE__/KTH/Coffee/coffee
[UnityMemory] Configuration Parameters - Can be set up in boot.config
    "memorysetup-bucket-allocator-granularity=16"
    "memorysetup-bucket-allocator-bucket-count=8"
    "memorysetup-bucket-allocator-block-size=33554432"
    "memorysetup-bucket-allocator-block-count=8"
    "memorysetup-main-allocator-block-size=16777216"
    "memorysetup-thread-allocator-block-size=16777216"
    "memorysetup-gfx-main-allocator-block-size=16777216"
    "memorysetup-gfx-thread-allocator-block-size=16777216"
    "memorysetup-cache-allocator-block-size=4194304"
    "memorysetup-typetree-allocator-block-size=2097152"
    "memorysetup-profiler-bucket-allocator-granularity=16"
    "memorysetup-profiler-bucket-allocator-bucket-count=8"
    "memorysetup-profiler-bucket-allocator-block-size=33554432"
    "memorysetup-profiler-bucket-allocator-block-count=8"
    "memorysetup-profiler-allocator-block-size=16777216"
    "memorysetup-profiler-editor-allocator-block-size=1048576"
    "memorysetup-temp-allocator-size-main=16777216"
    "memorysetup-job-temp-allocator-block-size=2097152"
    "memorysetup-job-temp-allocator-block-size-background=1048576"
    "memorysetup-job-temp-allocator-reduction-small-platforms=262144"
    "memorysetup-temp-allocator-size-background-worker=32768"
    "memorysetup-temp-allocator-size-job-worker=262144"
    "memorysetup-temp-allocator-size-preload-manager=33554432"
    "memorysetup-temp-allocator-size-nav-mesh-worker=65536"
    "memorysetup-temp-allocator-size-audio-worker=65536"
    "memorysetup-temp-allocator-size-cloud-worker=32768"
    "memorysetup-temp-allocator-size-gi-baking-worker=262144"
    "memorysetup-temp-allocator-size-gfx=262144"
Player connection [30560] Host "[IP] 192.168.5.5 [Port] 0 [Flags] 2 [Guid] 1132634053 [EditorId] 1132634053 [Version] 1048832 [Id] WindowsEditor(7,LAPTOP-08NO7N8B) [Debug] 1 [PackageName] WindowsEditor [ProjectName] Editor" joined multi-casting on [225.0.0.222:54997]...

Player connection [30560] Host "[IP] 192.168.5.5 [Port] 0 [Flags] 2 [Guid] 1132634053 [EditorId] 1132634053 [Version] 1048832 [Id] WindowsEditor(7,LAPTOP-08NO7N8B) [Debug] 1 [PackageName] WindowsEditor [ProjectName] Editor" joined alternative multi-casting on [225.0.0.222:34997]...

AS: AutoStreaming module initializing.
Refreshing native plugins compatible for Editor in 119.93 ms, found 6 plugins.
Preloading 2 native plugins for Editor in 5.09 ms.
Initialize engine version: 2021.3.21f1c1 (08fa194de70f)
[Subsystems] Discovering subsystems at path D:/ProgramFilesD/UnityHub/Unity Editor/2021.3.21f1c1/Editor/Data/Resources/UnitySubsystems
[Subsystems] Discovering subsystems at path D:/__ARCHIEVE__/KTH/Coffee/coffee/Assets
GfxDevice: creating device client; threaded=0; jobified=0
Direct3D:
    Version:  Direct3D 11.0 [level 11.1]
    Renderer: NVIDIA GeForce RTX 3050 Ti Laptop GPU (ID=0x25e0)
    Vendor:   NVIDIA
    VRAM:     3976 MB
    Driver:   31.0.15.2892
Initialize mono
Mono path[0] = 'D:/ProgramFilesD/UnityHub/Unity Editor/2021.3.21f1c1/Editor/Data/Managed'
Mono path[1] = 'D:/ProgramFilesD/UnityHub/Unity Editor/2021.3.21f1c1/Editor/Data/MonoBleedingEdge/lib/mono/unityjit-win32'
Mono config path = 'D:/ProgramFilesD/UnityHub/Unity Editor/2021.3.21f1c1/Editor/Data/MonoBleedingEdge/etc'
Using monoOptions --debugger-agent=transport=dt_socket,embedding=1,server=y,suspend=n,address=127.0.0.1:56276
Begin MonoManager ReloadAssembly
Registering precompiled unity dll's ...
Register platform support module: D:/ProgramFilesD/UnityHub/Unity Editor/2021.3.21f1c1/Editor/Data/PlaybackEngines/AndroidPlayer/UnityEditor.Android.Extensions.dll
Register platform support module: D:/ProgramFilesD/UnityHub/Unity Editor/2021.3.21f1c1/Editor/Data/PlaybackEngines/WindowsStandaloneSupport/UnityEditor.WindowsStandalone.Extensions.dll
Registered in 0.019786 seconds.
Native extension for WindowsStandalone target not found
Native extension for Android target not found
Android Extension - Scanning For ADB Devices 764 ms
Refreshing native plugins compatible for Editor in 103.50 ms, found 6 plugins.
Preloading 2 native plugins for Editor in 0.43 ms.
Mono: successfully reloaded assembly
- Completed reload, in  1.696 seconds
Domain Reload Profiling:
	ReloadAssembly (1697ms)
		BeginReloadAssembly (147ms)
			ExecutionOrderSort (0ms)
			DisableScriptedObjects (0ms)
			BackupInstance (0ms)
			ReleaseScriptingObjects (0ms)
			CreateAndSetChildDomain (1ms)
		EndReloadAssembly (1366ms)
			LoadAssemblies (138ms)
			RebuildTransferFunctionScriptingTraits (0ms)
			SetupTypeCache (130ms)
			ReleaseScriptCaches (0ms)
			RebuildScriptCaches (34ms)
			SetupLoadedEditorAssemblies (1118ms)
				LogAssemblyErrors (0ms)
				InitializePlatformSupportModulesInManaged (866ms)
				SetLoadedEditorAssemblies (0ms)
				RefreshPlugins (104ms)
				BeforeProcessingInitializeOnLoad (1ms)
				ProcessInitializeOnLoadAttributes (94ms)
				ProcessInitializeOnLoadMethodAttributes (52ms)
				AfterProcessingInitializeOnLoad (0ms)
				EditorAssembliesLoaded (0ms)
			ExecutionOrderSort2 (0ms)
			AwakeInstancesAfterBackupRestoration (0ms)
Platform modules already initialized, skipping
Registering precompiled user dll's ...
Registered in 0.028411 seconds.
Begin MonoManager ReloadAssembly
Symbol file LoadedFromMemory doesn't match image D:\__ARCHIEVE__\KTH\Coffee\coffee\Library\PackageCache\com.unity.visualscripting@1.8.0\Editor\VisualScripting.Core\Dependencies\YamlDotNet\Unity.VisualScripting.YamlDotNet.dll
Symbol file LoadedFromMemory doesn't match image D:\__ARCHIEVE__\KTH\Coffee\coffee\Library\PackageCache\com.unity.visualscripting@1.8.0\Editor\VisualScripting.Core\Dependencies\DotNetZip\Unity.VisualScripting.IonicZip.dll
Native extension for WindowsStandalone target not found
Native extension for Android target not found
Refreshing native plugins compatible for Editor in 0.72 ms, found 6 plugins.
Preloading 2 native plugins for Editor in 0.32 ms.
Mono: successfully reloaded assembly
- Completed reload, in  1.660 seconds
Domain Reload Profiling:
	ReloadAssembly (1661ms)
		BeginReloadAssembly (213ms)
			ExecutionOrderSort (0ms)
			DisableScriptedObjects (7ms)
			BackupInstance (0ms)
			ReleaseScriptingObjects (0ms)
			CreateAndSetChildDomain (31ms)
		EndReloadAssembly (1266ms)
			LoadAssemblies (170ms)
			RebuildTransferFunctionScriptingTraits (0ms)
			SetupTypeCache (340ms)
			ReleaseScriptCaches (1ms)
			RebuildScriptCaches (58ms)
			SetupLoadedEditorAssemblies (661ms)
				LogAssemblyErrors (0ms)
				InitializePlatformSupportModulesInManaged (28ms)
				SetLoadedEditorAssemblies (0ms)
				RefreshPlugins (1ms)
				BeforeProcessingInitializeOnLoad (119ms)
				ProcessInitializeOnLoadAttributes (457ms)
				ProcessInitializeOnLoadMethodAttributes (28ms)
				AfterProcessingInitializeOnLoad (28ms)
				EditorAssembliesLoaded (0ms)
			ExecutionOrderSort2 (0ms)
			AwakeInstancesAfterBackupRestoration (12ms)
Platform modules already initialized, skipping
========================================================================
Worker process is ready to serve import requests
Launched and connected shader compiler UnityShaderCompiler.exe after 0.12 seconds
Refreshing native plugins compatible for Editor in 0.89 ms, found 6 plugins.
Preloading 2 native plugins for Editor in 0.39 ms.
Unloading 3111 Unused Serialized files (Serialized files now loaded: 0)
Unloading 44 unused Assets / (67.0 KB). Loaded Objects now: 3874.
Memory consumption went from 120.2 MB to 120.2 MB.
Total: 4.407500 ms (FindLiveObjects: 0.290100 ms CreateObjectMapping: 0.266500 ms MarkObjects: 3.733600 ms  DeleteObjects: 0.115800 ms)

AssetImportParameters requested are different than current active one (requested -> active):
  custom:video-decoder-ogg-theora: a1e56fd34408186e4bbccfd4996cb3dc -> 
  custom:container-muxer-webm: aa71ff27fc2769a1b78a27578f13a17b -> 
  custom:container-demuxer-webm: 4f35f7cbe854078d1ac9338744f61a02 -> 
  custom:video-encoder-webm-vp8: eb34c28f22e8b96e1ab97ce403110664 -> 
  custom:video-codec-MediaFoundation-h265: 746d11721c4dcdbdad8f713fa42b33f4 -> 
  custom:audio-encoder-webm-vorbis: bf7c407c2cedff20999df2af8eb42d56 -> 
  custom:framework-win-MediaFoundation: 216162199b28c13a410421893ffa2e32 -> 
  custom:container-demuxer-ogg: 62fdf1f143b41e24485cea50d1cbac27 -> 
  custom:video-decoder-webm-vp8: 9c59270c3fd7afecdb556c50c9e8de78 -> 
  custom:audio-decoder-ogg-vorbis: bf7c407c2cedff20999df2af8eb42d56 -> 
========================================================================
Received Import Request.
  Time since last request: 38014.762911 seconds.
  path: Assets/Scenes
  artifactKey: Guid(6ea315d0fd7389c41b19996891e99ae3) Importer(815301076,1909f56bfc062723c751e8b465ee728b)
Start importing Assets/Scenes using Guid(6ea315d0fd7389c41b19996891e99ae3) Importer(815301076,1909f56bfc062723c751e8b465ee728b)  -> (artifact id: 'bc172811d573b296104adb4d2728db37') in 0.010523 seconds 
========================================================================
Received Import Request.
  Time since last request: 11.102136 seconds.
  path: Assets/Resources/VuforiaConfiguration.asset
  artifactKey: Guid(6c29fd69d9cbc244da4696fad7331cd0) Importer(815301076,1909f56bfc062723c751e8b465ee728b)
Start importing Assets/Resources/VuforiaConfiguration.asset using Guid(6c29fd69d9cbc244da4696fad7331cd0) Importer(815301076,1909f56bfc062723c751e8b465ee728b)  -> (artifact id: 'e492d1a80e1983109210ba99af791dc7') in 0.042054 seconds 
========================================================================
Received Import Request.
  Time since last request: 29.001505 seconds.
  path: Assets/Resources/VuforiaConfiguration.asset
  artifactKey: Guid(6c29fd69d9cbc244da4696fad7331cd0) Importer(815301076,1909f56bfc062723c751e8b465ee728b)
Start importing Assets/Resources/VuforiaConfiguration.asset using Guid(6c29fd69d9cbc244da4696fad7331cd0) Importer(815301076,1909f56bfc062723c751e8b465ee728b)  -> (artifact id: '9006bc77afdeab50018904e9388384ca') in 0.004200 seconds 
========================================================================
Received Import Request.
  Time since last request: 428.059484 seconds.
  path: Assets/Resources/Models
  artifactKey: Guid(c5c82677d67a5424ea5c9b2bcc87853f) Importer(815301076,1909f56bfc062723c751e8b465ee728b)
Start importing Assets/Resources/Models using Guid(c5c82677d67a5424ea5c9b2bcc87853f) Importer(815301076,1909f56bfc062723c751e8b465ee728b)  -> (artifact id: 'de2ed5612c6d7521e9b1b035a1b2c061') in 0.002315 seconds 
========================================================================
Received Import Request.
  Time since last request: 0.585022 seconds.
  path: Assets/Resources/Models/milk
  artifactKey: Guid(847fd3eeb05cf7744a6b57000687b4ae) Importer(815301076,1909f56bfc062723c751e8b465ee728b)
Start importing Assets/Resources/Models/milk using Guid(847fd3eeb05cf7744a6b57000687b4ae) Importer(815301076,1909f56bfc062723c751e8b465ee728b)  -> (artifact id: 'ef6d9189c4057538a05c3aaa68c6a71c') in 0.002963 seconds 
========================================================================
Received Import Request.
  Time since last request: 0.504108 seconds.
  path: Assets/Resources/Models/milk/source
  artifactKey: Guid(24e656498d084394e964016fb940a451) Importer(815301076,1909f56bfc062723c751e8b465ee728b)
Start importing Assets/Resources/Models/milk/source using Guid(24e656498d084394e964016fb940a451) Importer(815301076,1909f56bfc062723c751e8b465ee728b)  -> (artifact id: '5b02800100fb6e0a0d6d40f23ea74e46') in 0.002426 seconds 
========================================================================
Received Import Request.
  Time since last request: 0.059917 seconds.
  path: Assets/Resources/Models/milk/source/FBX.fbx
  artifactKey: Guid(01fad278f20c0ce439902843399b3604) Importer(815301076,1909f56bfc062723c751e8b465ee728b)
Start importing Assets/Resources/Models/milk/source/FBX.fbx using Guid(01fad278f20c0ce439902843399b3604) Importer(815301076,1909f56bfc062723c751e8b465ee728b)  -> (artifact id: 'b7513b1bfc6df57957444037f79c60b0') in 0.429899 seconds 
========================================================================
Received Import Request.
  Time since last request: 14.432945 seconds.
  path: Assets/Resources/Models/milk/source/milk.fbx
  artifactKey: Guid(01fad278f20c0ce439902843399b3604) Importer(815301076,1909f56bfc062723c751e8b465ee728b)
Start importing Assets/Resources/Models/milk/source/milk.fbx using Guid(01fad278f20c0ce439902843399b3604) Importer(815301076,1909f56bfc062723c751e8b465ee728b)  -> (artifact id: '44594359ad52c70d97cf5911036dabb2') in 0.014601 seconds 
========================================================================
Received Import Request.
  Time since last request: 245.367654 seconds.
  path: Assets/Resources/Models/milk/source/milk.fbx
  artifactKey: Guid(01fad278f20c0ce439902843399b3604) Importer(815301076,1909f56bfc062723c751e8b465ee728b)
Start importing Assets/Resources/Models/milk/source/milk.fbx using Guid(01fad278f20c0ce439902843399b3604) Importer(815301076,1909f56bfc062723c751e8b465ee728b)  -> (artifact id: '9a44ddcb1d13c44ff79bf75e57b19ffe') in 0.019144 seconds 
========================================================================
Received Import Request.
  Time since last request: 11.366240 seconds.
  path: Assets/Resources/Models/milk/textures
  artifactKey: Guid(ca7caf4d12f1eba459caa1040ef0f789) Importer(815301076,1909f56bfc062723c751e8b465ee728b)
Start importing Assets/Resources/Models/milk/textures using Guid(ca7caf4d12f1eba459caa1040ef0f789) Importer(815301076,1909f56bfc062723c751e8b465ee728b)  -> (artifact id: '5aeb05f30ceab57e84c0014ea1a50409') in 0.002414 seconds 
========================================================================
Received Import Request.
  Time since last request: 0.096602 seconds.
  path: Assets/Resources/Models/milk/textures/CartonOfMilk_Default.png
  artifactKey: Guid(f947cc2d56d94c34a90abe1f9e6ae599) Importer(815301076,1909f56bfc062723c751e8b465ee728b)
Start importing Assets/Resources/Models/milk/textures/CartonOfMilk_Default.png using Guid(f947cc2d56d94c34a90abe1f9e6ae599) Importer(815301076,1909f56bfc062723c751e8b465ee728b)  -> (artifact id: '9b5d56475dbf0e1d99757ef839789e1b') in 0.045523 seconds 
========================================================================
Received Import Request.
  Time since last request: 0.000026 seconds.
  path: Assets/Resources/Models/milk/textures/CartonOfMilk_Roughness.png
  artifactKey: Guid(bb9380e4c2ed16642ae286f82b708080) Importer(815301076,1909f56bfc062723c751e8b465ee728b)
Start importing Assets/Resources/Models/milk/textures/CartonOfMilk_Roughness.png using Guid(bb9380e4c2ed16642ae286f82b708080) Importer(815301076,1909f56bfc062723c751e8b465ee728b)  -> (artifact id: 'a9f42f4777a653179dc5056e6abd125b') in 0.014822 seconds 
========================================================================
Received Import Request.
  Time since last request: 35.950819 seconds.
  path: Assets/Resources
  artifactKey: Guid(aa5252b9f586c86469187222a4120e91) Importer(815301076,1909f56bfc062723c751e8b465ee728b)
Start importing Assets/Resources using Guid(aa5252b9f586c86469187222a4120e91) Importer(815301076,1909f56bfc062723c751e8b465ee728b)  -> (artifact id: 'c3e82430ee78bac507b8be0a6b747b6f') in 0.002224 seconds 
========================================================================
Received Import Request.
  Time since last request: 97.204729 seconds.
  path: Assets/Resources/Models/milk/source/milk.fbx
  artifactKey: Guid(01fad278f20c0ce439902843399b3604) Importer(815301076,1909f56bfc062723c751e8b465ee728b)
Start importing Assets/Resources/Models/milk/source/milk.fbx using Guid(01fad278f20c0ce439902843399b3604) Importer(815301076,1909f56bfc062723c751e8b465ee728b)  -> (artifact id: '4b0a2e0044fa12fba9872935d061e8b8') in 0.014221 seconds 
========================================================================
Received Import Request.
  Time since last request: 14.517147 seconds.
  path: Assets/Resources/Models/milk/source/milk.fbx
  artifactKey: Guid(01fad278f20c0ce439902843399b3604) Importer(815301076,1909f56bfc062723c751e8b465ee728b)
Start importing Assets/Resources/Models/milk/source/milk.fbx using Guid(01fad278f20c0ce439902843399b3604) Importer(815301076,1909f56bfc062723c751e8b465ee728b)  -> (artifact id: 'fb6a1894878d0f1380663a7dd8c45be3') in 0.015005 seconds 
========================================================================
Received Import Request.
  Time since last request: 3.482044 seconds.
  path: Assets/Resources/Models/milk/source/milk.fbx
  artifactKey: Guid(01fad278f20c0ce439902843399b3604) Importer(815301076,1909f56bfc062723c751e8b465ee728b)
Start importing Assets/Resources/Models/milk/source/milk.fbx using Guid(01fad278f20c0ce439902843399b3604) Importer(815301076,1909f56bfc062723c751e8b465ee728b)  -> (artifact id: 'b4ec637d6ad742d4d131fd34d1f5ce03') in 0.031833 seconds 
